ERROR - 2024-06-05 23:01:22 --> mysqli_sql_exception: Unknown column 'id_mensaje' in 'order clause' in C:\xampp\htdocs\proyecto_ayala_yago\system\Database\MySQLi\Connection.php:295
Stack trace:
#0 C:\xampp\htdocs\proyecto_ayala_yago\system\Database\MySQLi\Connection.php(295): mysqli->query('SELECT *\nFROM `...', 0)
#1 C:\xampp\htdocs\proyecto_ayala_yago\system\Database\BaseConnection.php(691): CodeIgniter\Database\MySQLi\Connection->execute('SELECT *\nFROM `...')
#2 C:\xampp\htdocs\proyecto_ayala_yago\system\Database\BaseConnection.php(605): CodeIgniter\Database\BaseConnection->simpleQuery('SELECT *\nFROM `...')
#3 C:\xampp\htdocs\proyecto_ayala_yago\system\Database\BaseBuilder.php(1616): CodeIgniter\Database\BaseConnection->query('SELECT *\nFROM `...', Array, false)
#4 C:\xampp\htdocs\proyecto_ayala_yago\system\Model.php(241): CodeIgniter\Database\BaseBuilder->get()
#5 C:\xampp\htdocs\proyecto_ayala_yago\system\BaseModel.php(618): CodeIgniter\Model->doFindAll(0, 0)
#6 C:\xampp\htdocs\proyecto_ayala_yago\app\Controllers\consulta2_controller.php(79): CodeIgniter\BaseModel->findAll()
#7 C:\xampp\htdocs\proyecto_ayala_yago\system\CodeIgniter.php(934): App\Controllers\consulta2_controller->ver_consultas_respondidas()
#8 C:\xampp\htdocs\proyecto_ayala_yago\system\CodeIgniter.php(499): CodeIgniter\CodeIgniter->runController(Object(App\Controllers\consulta2_controller))
#9 C:\xampp\htdocs\proyecto_ayala_yago\system\CodeIgniter.php(368): CodeIgniter\CodeIgniter->handleRequest(NULL, Object(Config\Cache), false)
#10 C:\xampp\htdocs\proyecto_ayala_yago\index.php(67): CodeIgniter\CodeIgniter->run()
#11 {main}
CRITICAL - 2024-06-05 23:01:22 --> Unknown column 'id_mensaje' in 'order clause'
in SYSTEMPATH\Database\BaseConnection.php on line 645.
 1 SYSTEMPATH\Database\BaseBuilder.php(1616): CodeIgniter\Database\BaseConnection->query('SELECT *
FROM `contacto`
WHERE `respondido` = :respondido:
ORDER BY `id_mensaje`', [...], false)
 2 SYSTEMPATH\Model.php(241): CodeIgniter\Database\BaseBuilder->get()
 3 SYSTEMPATH\BaseModel.php(618): CodeIgniter\Model->doFindAll(0, 0)
 4 APPPATH\Controllers\consulta2_controller.php(79): CodeIgniter\BaseModel->findAll()
 5 SYSTEMPATH\CodeIgniter.php(934): App\Controllers\consulta2_controller->ver_consultas_respondidas()
 6 SYSTEMPATH\CodeIgniter.php(499): CodeIgniter\CodeIgniter->runController(Object(App\Controllers\consulta2_controller))
 7 SYSTEMPATH\CodeIgniter.php(368): CodeIgniter\CodeIgniter->handleRequest(null, Object(Config\Cache), false)
 8 FCPATH\index.php(67): CodeIgniter\CodeIgniter->run()
ERROR - 2024-06-05 23:39:59 --> mysqli_sql_exception: Unknown column 'usuario.telefono' in 'field list' in C:\xampp\htdocs\proyecto_ayala_yago\system\Database\MySQLi\Connection.php:295
Stack trace:
#0 C:\xampp\htdocs\proyecto_ayala_yago\system\Database\MySQLi\Connection.php(295): mysqli->query('SELECT `contact...', 0)
#1 C:\xampp\htdocs\proyecto_ayala_yago\system\Database\BaseConnection.php(691): CodeIgniter\Database\MySQLi\Connection->execute('SELECT `contact...')
#2 C:\xampp\htdocs\proyecto_ayala_yago\system\Database\BaseConnection.php(605): CodeIgniter\Database\BaseConnection->simpleQuery('SELECT `contact...')
#3 C:\xampp\htdocs\proyecto_ayala_yago\system\Database\BaseBuilder.php(1616): CodeIgniter\Database\BaseConnection->query('SELECT `contact...', Array, false)
#4 C:\xampp\htdocs\proyecto_ayala_yago\system\Model.php(241): CodeIgniter\Database\BaseBuilder->get()
#5 C:\xampp\htdocs\proyecto_ayala_yago\system\BaseModel.php(618): CodeIgniter\Model->doFindAll(0, 0)
#6 C:\xampp\htdocs\proyecto_ayala_yago\app\Controllers\consulta2_controller.php(69): CodeIgniter\BaseModel->findAll()
#7 C:\xampp\htdocs\proyecto_ayala_yago\system\CodeIgniter.php(934): App\Controllers\consulta2_controller->ver_consultas()
#8 C:\xampp\htdocs\proyecto_ayala_yago\system\CodeIgniter.php(499): CodeIgniter\CodeIgniter->runController(Object(App\Controllers\consulta2_controller))
#9 C:\xampp\htdocs\proyecto_ayala_yago\system\CodeIgniter.php(368): CodeIgniter\CodeIgniter->handleRequest(NULL, Object(Config\Cache), false)
#10 C:\xampp\htdocs\proyecto_ayala_yago\index.php(67): CodeIgniter\CodeIgniter->run()
#11 {main}
CRITICAL - 2024-06-05 23:39:59 --> Unknown column 'usuario.telefono' in 'field list'
in SYSTEMPATH\Database\BaseConnection.php on line 645.
 1 SYSTEMPATH\Database\BaseBuilder.php(1616): CodeIgniter\Database\BaseConnection->query('SELECT `contacto`.*, `usuario`.`nombre`, `usuario`.`email`, `usuario`.`telefono`
FROM `contacto`
JOIN `usuario` ON `usuario`.`id_usuario` = `contacto`.`id_usuario`
WHERE `contacto`.`respondido` = :contacto.respondido:
ORDER BY `contacto`.`id_contacto`', [...], false)
 2 SYSTEMPATH\Model.php(241): CodeIgniter\Database\BaseBuilder->get()
 3 SYSTEMPATH\BaseModel.php(618): CodeIgniter\Model->doFindAll(0, 0)
 4 APPPATH\Controllers\consulta2_controller.php(69): CodeIgniter\BaseModel->findAll()
 5 SYSTEMPATH\CodeIgniter.php(934): App\Controllers\consulta2_controller->ver_consultas()
 6 SYSTEMPATH\CodeIgniter.php(499): CodeIgniter\CodeIgniter->runController(Object(App\Controllers\consulta2_controller))
 7 SYSTEMPATH\CodeIgniter.php(368): CodeIgniter\CodeIgniter->handleRequest(null, Object(Config\Cache), false)
 8 FCPATH\index.php(67): CodeIgniter\CodeIgniter->run()
ERROR - 2024-06-05 23:41:52 --> mysqli_sql_exception: Unknown column 'contacto.id_usuario' in 'on clause' in C:\xampp\htdocs\proyecto_ayala_yago\system\Database\MySQLi\Connection.php:295
Stack trace:
#0 C:\xampp\htdocs\proyecto_ayala_yago\system\Database\MySQLi\Connection.php(295): mysqli->query('SELECT `contact...', 0)
#1 C:\xampp\htdocs\proyecto_ayala_yago\system\Database\BaseConnection.php(691): CodeIgniter\Database\MySQLi\Connection->execute('SELECT `contact...')
#2 C:\xampp\htdocs\proyecto_ayala_yago\system\Database\BaseConnection.php(605): CodeIgniter\Database\BaseConnection->simpleQuery('SELECT `contact...')
#3 C:\xampp\htdocs\proyecto_ayala_yago\system\Database\BaseBuilder.php(1616): CodeIgniter\Database\BaseConnection->query('SELECT `contact...', Array, false)
#4 C:\xampp\htdocs\proyecto_ayala_yago\system\Model.php(241): CodeIgniter\Database\BaseBuilder->get()
#5 C:\xampp\htdocs\proyecto_ayala_yago\system\BaseModel.php(618): CodeIgniter\Model->doFindAll(0, 0)
#6 C:\xampp\htdocs\proyecto_ayala_yago\app\Controllers\consulta2_controller.php(69): CodeIgniter\BaseModel->findAll()
#7 C:\xampp\htdocs\proyecto_ayala_yago\system\CodeIgniter.php(934): App\Controllers\consulta2_controller->ver_consultas()
#8 C:\xampp\htdocs\proyecto_ayala_yago\system\CodeIgniter.php(499): CodeIgniter\CodeIgniter->runController(Object(App\Controllers\consulta2_controller))
#9 C:\xampp\htdocs\proyecto_ayala_yago\system\CodeIgniter.php(368): CodeIgniter\CodeIgniter->handleRequest(NULL, Object(Config\Cache), false)
#10 C:\xampp\htdocs\proyecto_ayala_yago\index.php(67): CodeIgniter\CodeIgniter->run()
#11 {main}
CRITICAL - 2024-06-05 23:41:52 --> Unknown column 'contacto.id_usuario' in 'on clause'
in SYSTEMPATH\Database\BaseConnection.php on line 645.
 1 SYSTEMPATH\Database\BaseBuilder.php(1616): CodeIgniter\Database\BaseConnection->query('SELECT `contacto`.*, `usuario`.`nombre`, `usuario`.`email`
FROM `contacto`
JOIN `usuario` ON `usuario`.`id_usuario` = `contacto`.`id_usuario`
WHERE `contacto`.`respondido` = :contacto.respondido:
ORDER BY `contacto`.`id_contacto`', [...], false)
 2 SYSTEMPATH\Model.php(241): CodeIgniter\Database\BaseBuilder->get()
 3 SYSTEMPATH\BaseModel.php(618): CodeIgniter\Model->doFindAll(0, 0)
 4 APPPATH\Controllers\consulta2_controller.php(69): CodeIgniter\BaseModel->findAll()
 5 SYSTEMPATH\CodeIgniter.php(934): App\Controllers\consulta2_controller->ver_consultas()
 6 SYSTEMPATH\CodeIgniter.php(499): CodeIgniter\CodeIgniter->runController(Object(App\Controllers\consulta2_controller))
 7 SYSTEMPATH\CodeIgniter.php(368): CodeIgniter\CodeIgniter->handleRequest(null, Object(Config\Cache), false)
 8 FCPATH\index.php(67): CodeIgniter\CodeIgniter->run()
