CRITICAL - 2024-05-26 15:29:15 --> syntax error, unexpected '*', expecting function (T_FUNCTION) or const (T_CONST)
in APPPATH\Controllers\carrito_controller.php on line 121.
 1 SYSTEMPATH\Autoloader\Autoloader.php(289): CodeIgniter\Autoloader\Autoloader->includeFile('APPPATH\\Controllers\\carrito_controller.php')
 2 SYSTEMPATH\Autoloader\Autoloader.php(267): CodeIgniter\Autoloader\Autoloader->loadInNamespace('App\\Controllers\\carrito_controller')
 3 [internal function]: CodeIgniter\Autoloader\Autoloader->loadClass('App\\Controllers\\carrito_controller')
 4 [internal function]: spl_autoload_call('App\\Controllers\\carrito_controller')
 5 SYSTEMPATH\CodeIgniter.php(892): class_exists('\\App\\Controllers\\carrito_controller', true)
 6 SYSTEMPATH\CodeIgniter.php(486): CodeIgniter\CodeIgniter->startController()
 7 SYSTEMPATH\CodeIgniter.php(368): CodeIgniter\CodeIgniter->handleRequest(null, Object(Config\Cache), false)
 8 FCPATH\index.php(67): CodeIgniter\CodeIgniter->run()
CRITICAL - 2024-05-26 15:29:49 --> syntax error, unexpected '*', expecting function (T_FUNCTION) or const (T_CONST)
in APPPATH\Controllers\carrito_controller.php on line 121.
 1 SYSTEMPATH\Autoloader\Autoloader.php(289): CodeIgniter\Autoloader\Autoloader->includeFile('APPPATH\\Controllers\\carrito_controller.php')
 2 SYSTEMPATH\Autoloader\Autoloader.php(267): CodeIgniter\Autoloader\Autoloader->loadInNamespace('App\\Controllers\\carrito_controller')
 3 [internal function]: CodeIgniter\Autoloader\Autoloader->loadClass('App\\Controllers\\carrito_controller')
 4 [internal function]: spl_autoload_call('App\\Controllers\\carrito_controller')
 5 SYSTEMPATH\CodeIgniter.php(892): class_exists('\\App\\Controllers\\carrito_controller', true)
 6 SYSTEMPATH\CodeIgniter.php(486): CodeIgniter\CodeIgniter->startController()
 7 SYSTEMPATH\CodeIgniter.php(368): CodeIgniter\CodeIgniter->handleRequest(null, Object(Config\Cache), false)
 8 FCPATH\index.php(67): CodeIgniter\CodeIgniter->run()
CRITICAL - 2024-05-26 15:33:21 --> syntax error, unexpected '*', expecting function (T_FUNCTION) or const (T_CONST)
in APPPATH\Controllers\carrito_controller.php on line 121.
 1 SYSTEMPATH\Autoloader\Autoloader.php(289): CodeIgniter\Autoloader\Autoloader->includeFile('APPPATH\\Controllers\\carrito_controller.php')
 2 SYSTEMPATH\Autoloader\Autoloader.php(267): CodeIgniter\Autoloader\Autoloader->loadInNamespace('App\\Controllers\\carrito_controller')
 3 [internal function]: CodeIgniter\Autoloader\Autoloader->loadClass('App\\Controllers\\carrito_controller')
 4 [internal function]: spl_autoload_call('App\\Controllers\\carrito_controller')
 5 SYSTEMPATH\CodeIgniter.php(892): class_exists('\\App\\Controllers\\carrito_controller', true)
 6 SYSTEMPATH\CodeIgniter.php(486): CodeIgniter\CodeIgniter->startController()
 7 SYSTEMPATH\CodeIgniter.php(368): CodeIgniter\CodeIgniter->handleRequest(null, Object(Config\Cache), false)
 8 FCPATH\index.php(67): CodeIgniter\CodeIgniter->run()
CRITICAL - 2024-05-26 15:33:33 --> syntax error, unexpected '*', expecting function (T_FUNCTION) or const (T_CONST)
in APPPATH\Controllers\carrito_controller.php on line 121.
 1 SYSTEMPATH\Autoloader\Autoloader.php(289): CodeIgniter\Autoloader\Autoloader->includeFile('APPPATH\\Controllers\\carrito_controller.php')
 2 SYSTEMPATH\Autoloader\Autoloader.php(267): CodeIgniter\Autoloader\Autoloader->loadInNamespace('App\\Controllers\\carrito_controller')
 3 [internal function]: CodeIgniter\Autoloader\Autoloader->loadClass('App\\Controllers\\carrito_controller')
 4 [internal function]: spl_autoload_call('App\\Controllers\\carrito_controller')
 5 SYSTEMPATH\CodeIgniter.php(892): class_exists('\\App\\Controllers\\carrito_controller', true)
 6 SYSTEMPATH\CodeIgniter.php(486): CodeIgniter\CodeIgniter->startController()
 7 SYSTEMPATH\CodeIgniter.php(368): CodeIgniter\CodeIgniter->handleRequest(null, Object(Config\Cache), false)
 8 FCPATH\index.php(67): CodeIgniter\CodeIgniter->run()
CRITICAL - 2024-05-26 15:34:16 --> Call to a member function contents() on null
in APPPATH\Controllers\carrito_controller.php on line 18.
 1 SYSTEMPATH\CodeIgniter.php(906): App\Controllers\carrito_controller->__construct()
 2 SYSTEMPATH\CodeIgniter.php(490): CodeIgniter\CodeIgniter->createController()
 3 SYSTEMPATH\CodeIgniter.php(368): CodeIgniter\CodeIgniter->handleRequest(null, Object(Config\Cache), false)
 4 FCPATH\index.php(67): CodeIgniter\CodeIgniter->run()
CRITICAL - 2024-05-26 15:46:14 --> Call to a member function insert() on null
in APPPATH\Controllers\carrito_controller.php on line 26.
 1 SYSTEMPATH\CodeIgniter.php(934): App\Controllers\carrito_controller->agregar('30')
 2 SYSTEMPATH\CodeIgniter.php(499): CodeIgniter\CodeIgniter->runController(Object(App\Controllers\carrito_controller))
 3 SYSTEMPATH\CodeIgniter.php(368): CodeIgniter\CodeIgniter->handleRequest(null, Object(Config\Cache), false)
 4 FCPATH\index.php(67): CodeIgniter\CodeIgniter->run()
CRITICAL - 2024-05-26 15:52:33 --> Call to a member function insert() on null
in APPPATH\Controllers\carrito_controller.php on line 26.
 1 SYSTEMPATH\CodeIgniter.php(934): App\Controllers\carrito_controller->agregar('29')
 2 SYSTEMPATH\CodeIgniter.php(499): CodeIgniter\CodeIgniter->runController(Object(App\Controllers\carrito_controller))
 3 SYSTEMPATH\CodeIgniter.php(368): CodeIgniter\CodeIgniter->handleRequest(null, Object(Config\Cache), false)
 4 FCPATH\index.php(67): CodeIgniter\CodeIgniter->run()
CRITICAL - 2024-05-26 15:54:09 --> Call to a member function insert() on null
in APPPATH\Controllers\carrito_controller.php on line 26.
 1 SYSTEMPATH\CodeIgniter.php(934): App\Controllers\carrito_controller->agregar('29')
 2 SYSTEMPATH\CodeIgniter.php(499): CodeIgniter\CodeIgniter->runController(Object(App\Controllers\carrito_controller))
 3 SYSTEMPATH\CodeIgniter.php(368): CodeIgniter\CodeIgniter->handleRequest(null, Object(Config\Cache), false)
 4 FCPATH\index.php(67): CodeIgniter\CodeIgniter->run()
CRITICAL - 2024-05-26 16:00:55 --> Class 'CodeIgniter\Cart\Cart' not found
in APPPATH\Config\Services.php on line 16.
 1 SYSTEMPATH\Config\BaseService.php(193): Config\Services::cart(false)
 2 APPPATH\Config\Services.php(13): CodeIgniter\Config\BaseService::getSharedInstance('cart')
 3 APPPATH\Controllers\carrito_controller.php(16): Config\Services::cart()
 4 SYSTEMPATH\CodeIgniter.php(906): App\Controllers\carrito_controller->__construct()
 5 SYSTEMPATH\CodeIgniter.php(490): CodeIgniter\CodeIgniter->createController()
 6 SYSTEMPATH\CodeIgniter.php(368): CodeIgniter\CodeIgniter->handleRequest(null, Object(Config\Cache), false)
 7 FCPATH\index.php(67): CodeIgniter\CodeIgniter->run()
CRITICAL - 2024-05-26 16:01:05 --> Class 'CodeIgniter\Cart\Cart' not found
in APPPATH\Config\Services.php on line 16.
 1 SYSTEMPATH\Config\BaseService.php(193): Config\Services::cart(false)
 2 APPPATH\Config\Services.php(13): CodeIgniter\Config\BaseService::getSharedInstance('cart')
 3 APPPATH\Controllers\carrito_controller.php(16): Config\Services::cart()
 4 SYSTEMPATH\CodeIgniter.php(906): App\Controllers\carrito_controller->__construct()
 5 SYSTEMPATH\CodeIgniter.php(490): CodeIgniter\CodeIgniter->createController()
 6 SYSTEMPATH\CodeIgniter.php(368): CodeIgniter\CodeIgniter->handleRequest(null, Object(Config\Cache), false)
 7 FCPATH\index.php(67): CodeIgniter\CodeIgniter->run()
CRITICAL - 2024-05-26 16:07:26 --> Class 'CodeIgniter\Cart\Cart' not found
in APPPATH\Config\Services.php on line 16.
 1 SYSTEMPATH\Config\BaseService.php(193): Config\Services::cart(false)
 2 APPPATH\Config\Services.php(13): CodeIgniter\Config\BaseService::getSharedInstance('cart')
 3 APPPATH\Controllers\carrito_controller.php(17): Config\Services::cart()
 4 SYSTEMPATH\CodeIgniter.php(906): App\Controllers\carrito_controller->__construct()
 5 SYSTEMPATH\CodeIgniter.php(490): CodeIgniter\CodeIgniter->createController()
 6 SYSTEMPATH\CodeIgniter.php(368): CodeIgniter\CodeIgniter->handleRequest(null, Object(Config\Cache), false)
 7 FCPATH\index.php(67): CodeIgniter\CodeIgniter->run()
ERROR - 2024-05-26 16:51:53 --> The cart array must contain a product ID, quantity, price, and name.
ERROR - 2024-05-26 16:51:55 --> The cart array must contain a product ID, quantity, price, and name.
ERROR - 2024-05-26 16:51:56 --> The cart array must contain a product ID, quantity, price, and name.
ERROR - 2024-05-26 16:51:56 --> The cart array must contain a product ID, quantity, price, and name.
ERROR - 2024-05-26 16:51:57 --> The cart array must contain a product ID, quantity, price, and name.
ERROR - 2024-05-26 16:51:58 --> The cart array must contain a product ID, quantity, price, and name.
ERROR - 2024-05-26 16:51:58 --> The cart array must contain a product ID, quantity, price, and name.
ERROR - 2024-05-26 16:51:58 --> The cart array must contain a product ID, quantity, price, and name.
ERROR - 2024-05-26 16:51:58 --> The cart array must contain a product ID, quantity, price, and name.
ERROR - 2024-05-26 16:51:58 --> The cart array must contain a product ID, quantity, price, and name.
ERROR - 2024-05-26 16:51:59 --> The cart array must contain a product ID, quantity, price, and name.
ERROR - 2024-05-26 16:51:59 --> The cart array must contain a product ID, quantity, price, and name.
ERROR - 2024-05-26 16:51:59 --> The cart array must contain a product ID, quantity, price, and name.
ERROR - 2024-05-26 16:51:59 --> The cart array must contain a product ID, quantity, price, and name.
ERROR - 2024-05-26 16:51:59 --> The cart array must contain a product ID, quantity, price, and name.
ERROR - 2024-05-26 16:52:01 --> The cart array must contain a product ID, quantity, price, and name.
ERROR - 2024-05-26 16:52:01 --> The cart array must contain a product ID, quantity, price, and name.
ERROR - 2024-05-26 16:52:01 --> The cart array must contain a product ID, quantity, price, and name.
ERROR - 2024-05-26 16:52:02 --> The cart array must contain a product ID, quantity, price, and name.
ERROR - 2024-05-26 16:52:25 --> The cart array must contain a product ID, quantity, price, and name.
ERROR - 2024-05-26 16:52:25 --> The cart array must contain a product ID, quantity, price, and name.
ERROR - 2024-05-26 16:52:26 --> The cart array must contain a product ID, quantity, price, and name.
ERROR - 2024-05-26 16:52:26 --> The cart array must contain a product ID, quantity, price, and name.
ERROR - 2024-05-26 16:52:27 --> The cart array must contain a product ID, quantity, price, and name.
ERROR - 2024-05-26 16:52:28 --> The cart array must contain a product ID, quantity, price, and name.
ERROR - 2024-05-26 16:52:29 --> The cart array must contain a product ID, quantity, price, and name.
ERROR - 2024-05-26 16:52:30 --> The cart array must contain a product ID, quantity, price, and name.
ERROR - 2024-05-26 16:52:31 --> The cart array must contain a product ID, quantity, price, and name.
ERROR - 2024-05-26 16:52:49 --> The cart array must contain a product ID, quantity, price, and name.
ERROR - 2024-05-26 16:52:50 --> The cart array must contain a product ID, quantity, price, and name.
ERROR - 2024-05-26 16:52:51 --> The cart array must contain a product ID, quantity, price, and name.
ERROR - 2024-05-26 16:52:51 --> The cart array must contain a product ID, quantity, price, and name.
ERROR - 2024-05-26 16:52:51 --> The cart array must contain a product ID, quantity, price, and name.
ERROR - 2024-05-26 16:52:52 --> The cart array must contain a product ID, quantity, price, and name.
ERROR - 2024-05-26 16:52:52 --> The cart array must contain a product ID, quantity, price, and name.
ERROR - 2024-05-26 16:52:53 --> The cart array must contain a product ID, quantity, price, and name.
ERROR - 2024-05-26 16:52:53 --> The cart array must contain a product ID, quantity, price, and name.
ERROR - 2024-05-26 16:52:53 --> The cart array must contain a product ID, quantity, price, and name.
ERROR - 2024-05-26 16:52:54 --> The cart array must contain a product ID, quantity, price, and name.
ERROR - 2024-05-26 16:52:54 --> The cart array must contain a product ID, quantity, price, and name.
ERROR - 2024-05-26 16:52:54 --> The cart array must contain a product ID, quantity, price, and name.
ERROR - 2024-05-26 16:52:54 --> The cart array must contain a product ID, quantity, price, and name.
ERROR - 2024-05-26 16:52:54 --> The cart array must contain a product ID, quantity, price, and name.
ERROR - 2024-05-26 16:52:54 --> The cart array must contain a product ID, quantity, price, and name.
ERROR - 2024-05-26 16:52:55 --> The cart array must contain a product ID, quantity, price, and name.
ERROR - 2024-05-26 16:52:55 --> The cart array must contain a product ID, quantity, price, and name.
ERROR - 2024-05-26 16:52:55 --> The cart array must contain a product ID, quantity, price, and name.
ERROR - 2024-05-26 17:05:41 --> The cart array must contain a product ID, quantity, price, and name.
ERROR - 2024-05-26 17:05:42 --> The cart array must contain a product ID, quantity, price, and name.
ERROR - 2024-05-26 17:05:44 --> The cart array must contain a product ID, quantity, price, and name.
ERROR - 2024-05-26 17:11:19 --> The cart array must contain a product ID, quantity, price, and name.
