CRITICAL - 2024-05-31 23:48:00 --> Call to a member function paginate() on null
in APPPATH\Controllers\carrito_controller.php on line 129.
 1 SYSTEMPATH\CodeIgniter.php(934): App\Controllers\carrito_controller->catalogo()
 2 SYSTEMPATH\CodeIgniter.php(499): CodeIgniter\CodeIgniter->runController(Object(App\Controllers\carrito_controller))
 3 SYSTEMPATH\CodeIgniter.php(368): CodeIgniter\CodeIgniter->handleRequest(null, Object(Config\Cache), false)
 4 FCPATH\index.php(67): CodeIgniter\CodeIgniter->run()
CRITICAL - 2024-05-31 23:48:25 --> count(): Parameter must be an array or an object that implements Countable
in APPPATH\Views\Plantillas\catalogo_productos.php on line 6.
 1 APPPATH\Views\Plantillas\catalogo_productos.php(6): CodeIgniter\Debug\Exceptions->errorHandler(2, 'count(): Parameter must be an array or an object that implements Countable', 'APPPATH\\Views\\Plantillas\\catalogo_productos.php', 6, [...])
 2 SYSTEMPATH\View\View.php(213): include('APPPATH\\Views\\Plantillas\\catalogo_productos.php')
 3 SYSTEMPATH\View\View.php(216): CodeIgniter\View\View->CodeIgniter\View\{closure}()
 4 SYSTEMPATH\Common.php(1184): CodeIgniter\View\View->render('Plantillas/catalogo_productos', [], true)
 5 APPPATH\Controllers\carrito_controller.php(136): view('Plantillas/catalogo_productos', [...])
 6 SYSTEMPATH\CodeIgniter.php(934): App\Controllers\carrito_controller->catalogo()
 7 SYSTEMPATH\CodeIgniter.php(499): CodeIgniter\CodeIgniter->runController(Object(App\Controllers\carrito_controller))
 8 SYSTEMPATH\CodeIgniter.php(368): CodeIgniter\CodeIgniter->handleRequest(null, Object(Config\Cache), false)
 9 FCPATH\index.php(67): CodeIgniter\CodeIgniter->run()
CRITICAL - 2024-05-31 23:56:33 --> Call to undefined method CodeIgniter\Pager\Pager::hasNext()
in APPPATH\Views\Plantillas\catalogo_productos.php on line 48.
 1 SYSTEMPATH\View\View.php(213): include()
 2 SYSTEMPATH\View\View.php(216): CodeIgniter\View\View->CodeIgniter\View\{closure}()
 3 SYSTEMPATH\Common.php(1184): CodeIgniter\View\View->render('Plantillas/catalogo_productos', [], true)
 4 APPPATH\Controllers\carrito_controller.php(133): view('Plantillas/catalogo_productos', [...])
 5 SYSTEMPATH\CodeIgniter.php(934): App\Controllers\carrito_controller->catalogo()
 6 SYSTEMPATH\CodeIgniter.php(499): CodeIgniter\CodeIgniter->runController(Object(App\Controllers\carrito_controller))
 7 SYSTEMPATH\CodeIgniter.php(368): CodeIgniter\CodeIgniter->handleRequest(null, Object(Config\Cache), false)
 8 FCPATH\index.php(67): CodeIgniter\CodeIgniter->run()
