CRITICAL - 2024-05-25 00:07:22 --> syntax error, unexpected end of file, expecting function (T_FUNCTION) or const (T_CONST)
in APPPATH\Controllers\producto_controller.php on line 265.
 1 SYSTEMPATH\Autoloader\Autoloader.php(289): CodeIgniter\Autoloader\Autoloader->includeFile('APPPATH\\Controllers\\producto_controller.php')
 2 SYSTEMPATH\Autoloader\Autoloader.php(267): CodeIgniter\Autoloader\Autoloader->loadInNamespace('App\\Controllers\\producto_controller')
 3 [internal function]: CodeIgniter\Autoloader\Autoloader->loadClass('App\\Controllers\\producto_controller')
 4 [internal function]: spl_autoload_call('App\\Controllers\\producto_controller')
 5 SYSTEMPATH\CodeIgniter.php(892): class_exists('\\App\\Controllers\\producto_controller', true)
 6 SYSTEMPATH\CodeIgniter.php(486): CodeIgniter\CodeIgniter->startController()
 7 SYSTEMPATH\CodeIgniter.php(368): CodeIgniter\CodeIgniter->handleRequest(null, Object(Config\Cache), false)
 8 FCPATH\index.php(67): CodeIgniter\CodeIgniter->run()
CRITICAL - 2024-05-25 00:20:40 --> Cannot redeclare App\Controllers\producto_controller::vistaEditarProducto()
in APPPATH\Controllers\producto_controller.php on line 270.
 1 [internal function]: CodeIgniter\Debug\Exceptions->shutdownHandler()
CRITICAL - 2024-05-25 00:23:01 --> Cannot redeclare App\Controllers\producto_controller::vistaEditarProducto()
in APPPATH\Controllers\producto_controller.php on line 270.
 1 [internal function]: CodeIgniter\Debug\Exceptions->shutdownHandler()
CRITICAL - 2024-05-25 04:24:52 --> Cannot use CodeIgniter\Controller as Controller because the name is already in use
in APPPATH\Controllers\usuario_controller.php on line 6.
 1 [internal function]: CodeIgniter\Debug\Exceptions->shutdownHandler()
CRITICAL - 2024-05-25 15:49:06 --> Call to a member function getError() on null
in APPPATH\Views\Plantillas\contacto.php on line 48.
 1 SYSTEMPATH\View\View.php(213): include()
 2 SYSTEMPATH\View\View.php(216): CodeIgniter\View\View->CodeIgniter\View\{closure}()
 3 SYSTEMPATH\Common.php(1184): CodeIgniter\View\View->render('Plantillas/contacto', [], true)
 4 APPPATH\Controllers\Home.php(27): view('Plantillas/contacto')
 5 SYSTEMPATH\CodeIgniter.php(934): App\Controllers\Home->contacto()
 6 SYSTEMPATH\CodeIgniter.php(499): CodeIgniter\CodeIgniter->runController(Object(App\Controllers\Home))
 7 SYSTEMPATH\CodeIgniter.php(368): CodeIgniter\CodeIgniter->handleRequest(null, Object(Config\Cache), false)
 8 FCPATH\index.php(67): CodeIgniter\CodeIgniter->run()
CRITICAL - 2024-05-25 16:05:30 --> Call to a member function getError() on null
in APPPATH\Views\Plantillas\contacto.php on line 65.
 1 SYSTEMPATH\View\View.php(213): include()
 2 SYSTEMPATH\View\View.php(216): CodeIgniter\View\View->CodeIgniter\View\{closure}()
 3 SYSTEMPATH\Common.php(1184): CodeIgniter\View\View->render('Plantillas/contacto', [], true)
 4 APPPATH\Controllers\Home.php(27): view('Plantillas/contacto')
 5 SYSTEMPATH\CodeIgniter.php(934): App\Controllers\Home->contacto()
 6 SYSTEMPATH\CodeIgniter.php(499): CodeIgniter\CodeIgniter->runController(Object(App\Controllers\Home))
 7 SYSTEMPATH\CodeIgniter.php(368): CodeIgniter\CodeIgniter->handleRequest(null, Object(Config\Cache), false)
 8 FCPATH\index.php(67): CodeIgniter\CodeIgniter->run()
CRITICAL - 2024-05-25 16:10:19 --> Call to a member function getError() on null
in APPPATH\Views\Plantillas\contacto.php on line 83.
 1 SYSTEMPATH\View\View.php(213): include()
 2 SYSTEMPATH\View\View.php(216): CodeIgniter\View\View->CodeIgniter\View\{closure}()
 3 SYSTEMPATH\Common.php(1184): CodeIgniter\View\View->render('Plantillas/contacto', [], true)
 4 APPPATH\Controllers\Home.php(27): view('Plantillas/contacto')
 5 SYSTEMPATH\CodeIgniter.php(934): App\Controllers\Home->contacto()
 6 SYSTEMPATH\CodeIgniter.php(499): CodeIgniter\CodeIgniter->runController(Object(App\Controllers\Home))
 7 SYSTEMPATH\CodeIgniter.php(368): CodeIgniter\CodeIgniter->handleRequest(null, Object(Config\Cache), false)
 8 FCPATH\index.php(67): CodeIgniter\CodeIgniter->run()
ERROR - 2024-05-25 16:31:13 --> mysqli_sql_exception: Duplicate entry '0' for key 'PRIMARY' in C:\xampp\htdocs\proyecto_ayala_yago\system\Database\MySQLi\Connection.php:295
Stack trace:
#0 C:\xampp\htdocs\proyecto_ayala_yago\system\Database\MySQLi\Connection.php(295): mysqli->query('INSERT INTO `co...', 0)
#1 C:\xampp\htdocs\proyecto_ayala_yago\system\Database\BaseConnection.php(691): CodeIgniter\Database\MySQLi\Connection->execute('INSERT INTO `co...')
#2 C:\xampp\htdocs\proyecto_ayala_yago\system\Database\BaseConnection.php(605): CodeIgniter\Database\BaseConnection->simpleQuery('INSERT INTO `co...')
#3 C:\xampp\htdocs\proyecto_ayala_yago\system\Database\BaseBuilder.php(2309): CodeIgniter\Database\BaseConnection->query('INSERT INTO `co...', Array, false)
#4 C:\xampp\htdocs\proyecto_ayala_yago\system\Model.php(330): CodeIgniter\Database\BaseBuilder->insert()
#5 C:\xampp\htdocs\proyecto_ayala_yago\system\BaseModel.php(782): CodeIgniter\Model->doInsert(Array)
#6 C:\xampp\htdocs\proyecto_ayala_yago\system\Model.php(730): CodeIgniter\BaseModel->insert(Array, false)
#7 C:\xampp\htdocs\proyecto_ayala_yago\system\BaseModel.php(692): CodeIgniter\Model->insert(Array, false)
#8 C:\xampp\htdocs\proyecto_ayala_yago\app\Controllers\consulta_controller.php(36): CodeIgniter\BaseModel->save(Array)
#9 C:\xampp\htdocs\proyecto_ayala_yago\system\CodeIgniter.php(934): App\Controllers\consulta_controller->formValidation()
#10 C:\xampp\htdocs\proyecto_ayala_yago\system\CodeIgniter.php(499): CodeIgniter\CodeIgniter->runController(Object(App\Controllers\consulta_controller))
#11 C:\xampp\htdocs\proyecto_ayala_yago\system\CodeIgniter.php(368): CodeIgniter\CodeIgniter->handleRequest(NULL, Object(Config\Cache), false)
#12 C:\xampp\htdocs\proyecto_ayala_yago\index.php(67): CodeIgniter\CodeIgniter->run()
#13 {main}
CRITICAL - 2024-05-25 16:31:13 --> Duplicate entry '0' for key 'PRIMARY'
in SYSTEMPATH\Database\BaseConnection.php on line 645.
 1 SYSTEMPATH\Database\BaseBuilder.php(2309): CodeIgniter\Database\BaseConnection->query('INSERT INTO `consulta` (`nombre`, `email`, `asunto`, `tel`, `mensaje`) VALUES (:nombre:, :email:, :asunto:, :tel:, :mensaje:)', [...], false)
 2 SYSTEMPATH\Model.php(330): CodeIgniter\Database\BaseBuilder->insert()
 3 SYSTEMPATH\BaseModel.php(782): CodeIgniter\Model->doInsert([...])
 4 SYSTEMPATH\Model.php(730): CodeIgniter\BaseModel->insert([...], false)
 5 SYSTEMPATH\BaseModel.php(692): CodeIgniter\Model->insert([...], false)
 6 APPPATH\Controllers\consulta_controller.php(36): CodeIgniter\BaseModel->save([...])
 7 SYSTEMPATH\CodeIgniter.php(934): App\Controllers\consulta_controller->formValidation()
 8 SYSTEMPATH\CodeIgniter.php(499): CodeIgniter\CodeIgniter->runController(Object(App\Controllers\consulta_controller))
 9 SYSTEMPATH\CodeIgniter.php(368): CodeIgniter\CodeIgniter->handleRequest(null, Object(Config\Cache), false)
10 FCPATH\index.php(67): CodeIgniter\CodeIgniter->run()
CRITICAL - 2024-05-25 16:45:24 --> Invalid file: "back\consultas\consultas_listado.php"
in SYSTEMPATH\Exceptions\FrameworkException.php on line 33.
 1 SYSTEMPATH\View\View.php(201): CodeIgniter\Exceptions\FrameworkException::forInvalidFile('back\\consultas\\consultas_listado.php')
 2 SYSTEMPATH\Common.php(1184): CodeIgniter\View\View->render('back\\consultas\\consultas_listado', [], true)
 3 APPPATH\Controllers\consulta_controller.php(51): view('back\\consultas\\consultas_listado', [...])
 4 SYSTEMPATH\CodeIgniter.php(934): App\Controllers\consulta_controller->ver_consultas()
 5 SYSTEMPATH\CodeIgniter.php(499): CodeIgniter\CodeIgniter->runController(Object(App\Controllers\consulta_controller))
 6 SYSTEMPATH\CodeIgniter.php(368): CodeIgniter\CodeIgniter->handleRequest(null, Object(Config\Cache), false)
 7 FCPATH\index.php(67): CodeIgniter\CodeIgniter->run()
CRITICAL - 2024-05-25 16:46:02 --> Invalid argument supplied for foreach()
in APPPATH\Views\Plantillas\consultas_listado.php on line 41.
 1 APPPATH\Views\Plantillas\consultas_listado.php(41): CodeIgniter\Debug\Exceptions->errorHandler(2, 'Invalid argument supplied for foreach()', 'APPPATH\\Views\\Plantillas\\consultas_listado.php', 41, [...])
 2 SYSTEMPATH\View\View.php(213): include('APPPATH\\Views\\Plantillas\\consultas_listado.php')
 3 SYSTEMPATH\View\View.php(216): CodeIgniter\View\View->CodeIgniter\View\{closure}()
 4 SYSTEMPATH\Common.php(1184): CodeIgniter\View\View->render('Plantillas/consultas_listado', [], true)
 5 APPPATH\Controllers\consulta_controller.php(51): view('Plantillas/consultas_listado', [...])
 6 SYSTEMPATH\CodeIgniter.php(934): App\Controllers\consulta_controller->ver_consultas()
 7 SYSTEMPATH\CodeIgniter.php(499): CodeIgniter\CodeIgniter->runController(Object(App\Controllers\consulta_controller))
 8 SYSTEMPATH\CodeIgniter.php(368): CodeIgniter\CodeIgniter->handleRequest(null, Object(Config\Cache), false)
 9 FCPATH\index.php(67): CodeIgniter\CodeIgniter->run()
CRITICAL - 2024-05-25 16:48:16 --> Invalid argument supplied for foreach()
in APPPATH\Views\Plantillas\consultas_listado.php on line 41.
 1 APPPATH\Views\Plantillas\consultas_listado.php(41): CodeIgniter\Debug\Exceptions->errorHandler(2, 'Invalid argument supplied for foreach()', 'APPPATH\\Views\\Plantillas\\consultas_listado.php', 41, [...])
 2 SYSTEMPATH\View\View.php(213): include('APPPATH\\Views\\Plantillas\\consultas_listado.php')
 3 SYSTEMPATH\View\View.php(216): CodeIgniter\View\View->CodeIgniter\View\{closure}()
 4 SYSTEMPATH\Common.php(1184): CodeIgniter\View\View->render('Plantillas/consultas_listado', [], true)
 5 APPPATH\Controllers\consulta_controller.php(51): view('Plantillas/consultas_listado', [...])
 6 SYSTEMPATH\CodeIgniter.php(934): App\Controllers\consulta_controller->ver_consultas()
 7 SYSTEMPATH\CodeIgniter.php(499): CodeIgniter\CodeIgniter->runController(Object(App\Controllers\consulta_controller))
 8 SYSTEMPATH\CodeIgniter.php(368): CodeIgniter\CodeIgniter->handleRequest(null, Object(Config\Cache), false)
 9 FCPATH\index.php(67): CodeIgniter\CodeIgniter->run()
CRITICAL - 2024-05-25 16:48:18 --> Invalid argument supplied for foreach()
in APPPATH\Views\Plantillas\consultas_listado.php on line 41.
 1 APPPATH\Views\Plantillas\consultas_listado.php(41): CodeIgniter\Debug\Exceptions->errorHandler(2, 'Invalid argument supplied for foreach()', 'APPPATH\\Views\\Plantillas\\consultas_listado.php', 41, [...])
 2 SYSTEMPATH\View\View.php(213): include('APPPATH\\Views\\Plantillas\\consultas_listado.php')
 3 SYSTEMPATH\View\View.php(216): CodeIgniter\View\View->CodeIgniter\View\{closure}()
 4 SYSTEMPATH\Common.php(1184): CodeIgniter\View\View->render('Plantillas/consultas_listado', [], true)
 5 APPPATH\Controllers\consulta_controller.php(51): view('Plantillas/consultas_listado', [...])
 6 SYSTEMPATH\CodeIgniter.php(934): App\Controllers\consulta_controller->ver_consultas()
 7 SYSTEMPATH\CodeIgniter.php(499): CodeIgniter\CodeIgniter->runController(Object(App\Controllers\consulta_controller))
 8 SYSTEMPATH\CodeIgniter.php(368): CodeIgniter\CodeIgniter->handleRequest(null, Object(Config\Cache), false)
 9 FCPATH\index.php(67): CodeIgniter\CodeIgniter->run()
CRITICAL - 2024-05-25 16:49:23 --> syntax error, unexpected 'endif' (T_ENDIF)
in APPPATH\Views\Plantillas\consultas_listado.php on line 70.
 1 SYSTEMPATH\View\View.php(216): CodeIgniter\View\View->CodeIgniter\View\{closure}()
 2 SYSTEMPATH\Common.php(1184): CodeIgniter\View\View->render('Plantillas/consultas_listado', [], true)
 3 APPPATH\Controllers\consulta_controller.php(51): view('Plantillas/consultas_listado', [...])
 4 SYSTEMPATH\CodeIgniter.php(934): App\Controllers\consulta_controller->ver_consultas()
 5 SYSTEMPATH\CodeIgniter.php(499): CodeIgniter\CodeIgniter->runController(Object(App\Controllers\consulta_controller))
 6 SYSTEMPATH\CodeIgniter.php(368): CodeIgniter\CodeIgniter->handleRequest(null, Object(Config\Cache), false)
 7 FCPATH\index.php(67): CodeIgniter\CodeIgniter->run()
CRITICAL - 2024-05-25 16:49:52 --> Invalid argument supplied for foreach()
in APPPATH\Views\Plantillas\consultas_listado.php on line 41.
 1 APPPATH\Views\Plantillas\consultas_listado.php(41): CodeIgniter\Debug\Exceptions->errorHandler(2, 'Invalid argument supplied for foreach()', 'APPPATH\\Views\\Plantillas\\consultas_listado.php', 41, [...])
 2 SYSTEMPATH\View\View.php(213): include('APPPATH\\Views\\Plantillas\\consultas_listado.php')
 3 SYSTEMPATH\View\View.php(216): CodeIgniter\View\View->CodeIgniter\View\{closure}()
 4 SYSTEMPATH\Common.php(1184): CodeIgniter\View\View->render('Plantillas/consultas_listado', [], true)
 5 APPPATH\Controllers\consulta_controller.php(51): view('Plantillas/consultas_listado', [...])
 6 SYSTEMPATH\CodeIgniter.php(934): App\Controllers\consulta_controller->ver_consultas()
 7 SYSTEMPATH\CodeIgniter.php(499): CodeIgniter\CodeIgniter->runController(Object(App\Controllers\consulta_controller))
 8 SYSTEMPATH\CodeIgniter.php(368): CodeIgniter\CodeIgniter->handleRequest(null, Object(Config\Cache), false)
 9 FCPATH\index.php(67): CodeIgniter\CodeIgniter->run()
CRITICAL - 2024-05-25 16:52:07 --> Invalid argument supplied for foreach()
in APPPATH\Views\Plantillas\consultas_listado.php on line 41.
 1 APPPATH\Views\Plantillas\consultas_listado.php(41): CodeIgniter\Debug\Exceptions->errorHandler(2, 'Invalid argument supplied for foreach()', 'APPPATH\\Views\\Plantillas\\consultas_listado.php', 41, [...])
 2 SYSTEMPATH\View\View.php(213): include('APPPATH\\Views\\Plantillas\\consultas_listado.php')
 3 SYSTEMPATH\View\View.php(216): CodeIgniter\View\View->CodeIgniter\View\{closure}()
 4 SYSTEMPATH\Common.php(1184): CodeIgniter\View\View->render('Plantillas/consultas_listado', [], true)
 5 APPPATH\Controllers\consulta_controller.php(51): view('Plantillas/consultas_listado', [...])
 6 SYSTEMPATH\CodeIgniter.php(934): App\Controllers\consulta_controller->ver_consultas()
 7 SYSTEMPATH\CodeIgniter.php(499): CodeIgniter\CodeIgniter->runController(Object(App\Controllers\consulta_controller))
 8 SYSTEMPATH\CodeIgniter.php(368): CodeIgniter\CodeIgniter->handleRequest(null, Object(Config\Cache), false)
 9 FCPATH\index.php(67): CodeIgniter\CodeIgniter->run()
