ERROR - 2024-05-27 22:07:02 --> mysqli_sql_exception: Table 'bd_ayala_yago.ventas_cabecera' doesn't exist in C:\xampp\htdocs\proyecto_ayala_yago\system\Database\MySQLi\Connection.php:295
Stack trace:
#0 C:\xampp\htdocs\proyecto_ayala_yago\system\Database\MySQLi\Connection.php(295): mysqli->query('INSERT INTO `ve...', 0)
#1 C:\xampp\htdocs\proyecto_ayala_yago\system\Database\BaseConnection.php(691): CodeIgniter\Database\MySQLi\Connection->execute('INSERT INTO `ve...')
#2 C:\xampp\htdocs\proyecto_ayala_yago\system\Database\BaseConnection.php(605): CodeIgniter\Database\BaseConnection->simpleQuery('INSERT INTO `ve...')
#3 C:\xampp\htdocs\proyecto_ayala_yago\system\Database\BaseBuilder.php(2309): CodeIgniter\Database\BaseConnection->query('INSERT INTO `ve...', Array, false)
#4 C:\xampp\htdocs\proyecto_ayala_yago\system\Model.php(330): CodeIgniter\Database\BaseBuilder->insert()
#5 C:\xampp\htdocs\proyecto_ayala_yago\system\BaseModel.php(782): CodeIgniter\Model->doInsert(Array)
#6 C:\xampp\htdocs\proyecto_ayala_yago\system\Model.php(730): CodeIgniter\BaseModel->insert(Array, true)
#7 C:\xampp\htdocs\proyecto_ayala_yago\app\Controllers\carrito_controller.php(215): CodeIgniter\Model->insert(Array)
#8 C:\xampp\htdocs\proyecto_ayala_yago\system\CodeIgniter.php(934): App\Controllers\carrito_controller->guardar_compra()
#9 C:\xampp\htdocs\proyecto_ayala_yago\system\CodeIgniter.php(499): CodeIgniter\CodeIgniter->runController(Object(App\Controllers\carrito_controller))
#10 C:\xampp\htdocs\proyecto_ayala_yago\system\CodeIgniter.php(368): CodeIgniter\CodeIgniter->handleRequest(NULL, Object(Config\Cache), false)
#11 C:\xampp\htdocs\proyecto_ayala_yago\index.php(67): CodeIgniter\CodeIgniter->run()
#12 {main}
CRITICAL - 2024-05-27 22:07:02 --> Table 'bd_ayala_yago.ventas_cabecera' doesn't exist
in SYSTEMPATH\Database\BaseConnection.php on line 645.
 1 SYSTEMPATH\Database\BaseBuilder.php(2309): CodeIgniter\Database\BaseConnection->query('INSERT INTO `ventas_cabecera` (`fecha`, `total_ventas`) VALUES (:fecha:, :total_ventas:)', [...], false)
 2 SYSTEMPATH\Model.php(330): CodeIgniter\Database\BaseBuilder->insert()
 3 SYSTEMPATH\BaseModel.php(782): CodeIgniter\Model->doInsert([...])
 4 SYSTEMPATH\Model.php(730): CodeIgniter\BaseModel->insert([...], true)
 5 APPPATH\Controllers\carrito_controller.php(215): CodeIgniter\Model->insert([...])
 6 SYSTEMPATH\CodeIgniter.php(934): App\Controllers\carrito_controller->guardar_compra()
 7 SYSTEMPATH\CodeIgniter.php(499): CodeIgniter\CodeIgniter->runController(Object(App\Controllers\carrito_controller))
 8 SYSTEMPATH\CodeIgniter.php(368): CodeIgniter\CodeIgniter->handleRequest(null, Object(Config\Cache), false)
 9 FCPATH\index.php(67): CodeIgniter\CodeIgniter->run()
ERROR - 2024-05-27 22:22:22 --> mysqli_sql_exception: Table 'bd_ayala_yago.ventas_cabecera' doesn't exist in C:\xampp\htdocs\proyecto_ayala_yago\system\Database\MySQLi\Connection.php:295
Stack trace:
#0 C:\xampp\htdocs\proyecto_ayala_yago\system\Database\MySQLi\Connection.php(295): mysqli->query('INSERT INTO `ve...', 0)
#1 C:\xampp\htdocs\proyecto_ayala_yago\system\Database\BaseConnection.php(691): CodeIgniter\Database\MySQLi\Connection->execute('INSERT INTO `ve...')
#2 C:\xampp\htdocs\proyecto_ayala_yago\system\Database\BaseConnection.php(605): CodeIgniter\Database\BaseConnection->simpleQuery('INSERT INTO `ve...')
#3 C:\xampp\htdocs\proyecto_ayala_yago\system\Database\BaseBuilder.php(2309): CodeIgniter\Database\BaseConnection->query('INSERT INTO `ve...', Array, false)
#4 C:\xampp\htdocs\proyecto_ayala_yago\system\Model.php(330): CodeIgniter\Database\BaseBuilder->insert()
#5 C:\xampp\htdocs\proyecto_ayala_yago\system\BaseModel.php(782): CodeIgniter\Model->doInsert(Array)
#6 C:\xampp\htdocs\proyecto_ayala_yago\system\Model.php(730): CodeIgniter\BaseModel->insert(Array, true)
#7 C:\xampp\htdocs\proyecto_ayala_yago\app\Controllers\carrito_controller.php(215): CodeIgniter\Model->insert(Array)
#8 C:\xampp\htdocs\proyecto_ayala_yago\system\CodeIgniter.php(934): App\Controllers\carrito_controller->guardar_compra()
#9 C:\xampp\htdocs\proyecto_ayala_yago\system\CodeIgniter.php(499): CodeIgniter\CodeIgniter->runController(Object(App\Controllers\carrito_controller))
#10 C:\xampp\htdocs\proyecto_ayala_yago\system\CodeIgniter.php(368): CodeIgniter\CodeIgniter->handleRequest(NULL, Object(Config\Cache), false)
#11 C:\xampp\htdocs\proyecto_ayala_yago\index.php(67): CodeIgniter\CodeIgniter->run()
#12 {main}
CRITICAL - 2024-05-27 22:22:22 --> Table 'bd_ayala_yago.ventas_cabecera' doesn't exist
in SYSTEMPATH\Database\BaseConnection.php on line 645.
 1 SYSTEMPATH\Database\BaseBuilder.php(2309): CodeIgniter\Database\BaseConnection->query('INSERT INTO `ventas_cabecera` (`fecha`, `total_ventas`) VALUES (:fecha:, :total_ventas:)', [...], false)
 2 SYSTEMPATH\Model.php(330): CodeIgniter\Database\BaseBuilder->insert()
 3 SYSTEMPATH\BaseModel.php(782): CodeIgniter\Model->doInsert([...])
 4 SYSTEMPATH\Model.php(730): CodeIgniter\BaseModel->insert([...], true)
 5 APPPATH\Controllers\carrito_controller.php(215): CodeIgniter\Model->insert([...])
 6 SYSTEMPATH\CodeIgniter.php(934): App\Controllers\carrito_controller->guardar_compra()
 7 SYSTEMPATH\CodeIgniter.php(499): CodeIgniter\CodeIgniter->runController(Object(App\Controllers\carrito_controller))
 8 SYSTEMPATH\CodeIgniter.php(368): CodeIgniter\CodeIgniter->handleRequest(null, Object(Config\Cache), false)
 9 FCPATH\index.php(67): CodeIgniter\CodeIgniter->run()
CRITICAL - 2024-05-27 22:27:56 --> Call to undefined method App\Models\producto_model::sacar_del_stock
in SYSTEMPATH\Model.php on line 842.
 1 APPPATH\Controllers\carrito_controller.php(230): CodeIgniter\Model->__call('sacar_del_stock', [...])
 2 SYSTEMPATH\CodeIgniter.php(934): App\Controllers\carrito_controller->guardar_compra()
 3 SYSTEMPATH\CodeIgniter.php(499): CodeIgniter\CodeIgniter->runController(Object(App\Controllers\carrito_controller))
 4 SYSTEMPATH\CodeIgniter.php(368): CodeIgniter\CodeIgniter->handleRequest(null, Object(Config\Cache), false)
 5 FCPATH\index.php(67): CodeIgniter\CodeIgniter->run()
CRITICAL - 2024-05-27 22:32:09 --> Call to undefined method App\Models\producto_model::sacar_del_stock
in SYSTEMPATH\Model.php on line 842.
 1 APPPATH\Controllers\carrito_controller.php(230): CodeIgniter\Model->__call('sacar_del_stock', [...])
 2 SYSTEMPATH\CodeIgniter.php(934): App\Controllers\carrito_controller->guardar_compra()
 3 SYSTEMPATH\CodeIgniter.php(499): CodeIgniter\CodeIgniter->runController(Object(App\Controllers\carrito_controller))
 4 SYSTEMPATH\CodeIgniter.php(368): CodeIgniter\CodeIgniter->handleRequest(null, Object(Config\Cache), false)
 5 FCPATH\index.php(67): CodeIgniter\CodeIgniter->run()
CRITICAL - 2024-05-27 22:38:13 --> Invalid file: "front\head_view.php"
in SYSTEMPATH\Exceptions\FrameworkException.php on line 33.
 1 SYSTEMPATH\View\View.php(201): CodeIgniter\Exceptions\FrameworkException::forInvalidFile('front\\head_view.php')
 2 SYSTEMPATH\Common.php(1184): CodeIgniter\View\View->render('front\\head_view', [], true)
 3 APPPATH\Controllers\carrito_controller.php(256): view('front\\head_view', [...])
 4 SYSTEMPATH\CodeIgniter.php(934): App\Controllers\carrito_controller->guardar_compra()
 5 SYSTEMPATH\CodeIgniter.php(499): CodeIgniter\CodeIgniter->runController(Object(App\Controllers\carrito_controller))
 6 SYSTEMPATH\CodeIgniter.php(368): CodeIgniter\CodeIgniter->handleRequest(null, Object(Config\Cache), false)
 7 FCPATH\index.php(67): CodeIgniter\CodeIgniter->run()
CRITICAL - 2024-05-27 22:53:56 --> Argument 2 passed to view() must be of the type array, null given, called in C:\xampp\htdocs\proyecto_ayala_yago\app\Controllers\vtas_controller.php on line 51
in SYSTEMPATH\Common.php on line 1172.
 1 APPPATH\Controllers\vtas_controller.php(51): view('Plantillas/encabezado', null)
 2 SYSTEMPATH\CodeIgniter.php(934): App\Controllers\vtas_controller->ver_venta_detalle('1')
 3 SYSTEMPATH\CodeIgniter.php(499): CodeIgniter\CodeIgniter->runController(Object(App\Controllers\vtas_controller))
 4 SYSTEMPATH\CodeIgniter.php(368): CodeIgniter\CodeIgniter->handleRequest(null, Object(Config\Cache), false)
 5 FCPATH\index.php(67): CodeIgniter\CodeIgniter->run()
CRITICAL - 2024-05-27 23:21:01 --> Cannot use object of type App\Models\usuario_model as array
in APPPATH\Controllers\vtas_controller.php on line 47.
 1 SYSTEMPATH\CodeIgniter.php(934): App\Controllers\vtas_controller->ver_venta_detalle('1')
 2 SYSTEMPATH\CodeIgniter.php(499): CodeIgniter\CodeIgniter->runController(Object(App\Controllers\vtas_controller))
 3 SYSTEMPATH\CodeIgniter.php(368): CodeIgniter\CodeIgniter->handleRequest(null, Object(Config\Cache), false)
 4 FCPATH\index.php(67): CodeIgniter\CodeIgniter->run()
